21:37:38.943 [TestNG-tests-2] DEBUG io.netty.util.internal.PlatformDependent - -Dio.netty.noPreferDirect: false
21:37:38.978 [TestNG-tests-2] DEBUG io.netty.util.internal.PlatformDependent - org.jctools-core.MpscChunkedArrayQueue: available
21:37:39.022 [TestNG-tests-2] DEBUG io.netty.util.internal.InternalThreadLocalMap - -Dio.netty.threadLocalMap.stringBuilder.initialSize: 1024
21:37:39.022 [TestNG-tests-2] DEBUG io.netty.util.internal.InternalThreadLocalMap - -Dio.netty.threadLocalMap.stringBuilder.maxSize: 4096
21:37:39.381 [TestNG-tests-2] DEBUG io.netty.handler.ssl.JdkSslContext - Default protocols (JDK): [TLSv1.3, TLSv1.2] 
21:37:39.382 [TestNG-tests-2] DEBUG io.netty.handler.ssl.JdkSslContext - Default cipher suites (JDK): [TLS_ECDHE_ECDSA_WITH_AES_256_GCM_SHA384, TLS_ECDHE_ECDSA_WITH_AES_128_GCM_SHA256, TLS_ECDHE_RSA_WITH_AES_128_GCM_SHA256, TLS_ECDHE_RSA_WITH_AES_256_GCM_SHA384, TLS_ECDHE_RSA_WITH_AES_128_CBC_SHA, TLS_ECDHE_RSA_WITH_AES_256_CBC_SHA, TLS_RSA_WITH_AES_128_GCM_SHA256, TLS_RSA_WITH_AES_128_CBC_SHA, TLS_RSA_WITH_AES_256_CBC_SHA, TLS_AES_128_GCM_SHA256, TLS_AES_256_GCM_SHA384]
21:37:39.407 [TestNG-tests-2] DEBUG io.netty.util.concurrent.GlobalEventExecutor - -Dio.netty.globalEventExecutor.quietPeriodSeconds: 1
21:37:39.429 [TestNG-tests-2] DEBUG io.netty.channel.MultithreadEventLoopGroup - -Dio.netty.eventLoopThreads: 8
21:37:39.446 [TestNG-tests-2] DEBUG io.netty.channel.nio.NioEventLoop - -Dio.netty.noKeySetOptimization: false
21:37:39.446 [TestNG-tests-2] DEBUG io.netty.channel.nio.NioEventLoop - -Dio.netty.selectorAutoRebuildThreshold: 512
21:37:39.517 [TestNG-tests-2] DEBUG io.netty.buffer.PooledByteBufAllocator - -Dio.netty.allocator.numHeapArenas: 8
21:37:39.517 [TestNG-tests-2] DEBUG io.netty.buffer.PooledByteBufAllocator - -Dio.netty.allocator.numDirectArenas: 8
21:37:39.518 [TestNG-tests-2] DEBUG io.netty.buffer.PooledByteBufAllocator - -Dio.netty.allocator.pageSize: 8192
21:37:39.518 [TestNG-tests-2] DEBUG io.netty.buffer.PooledByteBufAllocator - -Dio.netty.allocator.maxOrder: 9
21:37:39.518 [TestNG-tests-2] DEBUG io.netty.buffer.PooledByteBufAllocator - -Dio.netty.allocator.chunkSize: 4194304
21:37:39.518 [TestNG-tests-2] DEBUG io.netty.buffer.PooledByteBufAllocator - -Dio.netty.allocator.smallCacheSize: 256
21:37:39.518 [TestNG-tests-2] DEBUG io.netty.buffer.PooledByteBufAllocator - -Dio.netty.allocator.normalCacheSize: 64
21:37:39.518 [TestNG-tests-2] DEBUG io.netty.buffer.PooledByteBufAllocator - -Dio.netty.allocator.maxCachedBufferCapacity: 32768
21:37:39.518 [TestNG-tests-2] DEBUG io.netty.buffer.PooledByteBufAllocator - -Dio.netty.allocator.cacheTrimInterval: 8192
21:37:39.518 [TestNG-tests-2] DEBUG io.netty.buffer.PooledByteBufAllocator - -Dio.netty.allocator.cacheTrimIntervalMillis: 0
21:37:39.519 [TestNG-tests-2] DEBUG io.netty.buffer.PooledByteBufAllocator - -Dio.netty.allocator.useCacheForAllThreads: false
21:37:39.519 [TestNG-tests-2] DEBUG io.netty.buffer.PooledByteBufAllocator - -Dio.netty.allocator.maxCachedByteBuffersPerChunk: 1023
21:37:39.536 [TestNG-tests-2] DEBUG io.netty.buffer.ByteBufUtil - -Dio.netty.allocator.type: pooled
21:37:39.536 [TestNG-tests-2] DEBUG io.netty.buffer.ByteBufUtil - -Dio.netty.threadLocalDirectBufferSize: 0
21:37:39.536 [TestNG-tests-2] DEBUG io.netty.buffer.ByteBufUtil - -Dio.netty.maxThreadLocalCharBufferSize: 16384
21:37:40.119 [Forwarding newSession on session null to remote] DEBUG io.netty.channel.DefaultChannelId - -Dio.netty.processId: 14612 (auto-detected)
21:37:40.125 [Forwarding newSession on session null to remote] DEBUG io.netty.util.NetUtil - -Djava.net.preferIPv4Stack: false
21:37:40.125 [Forwarding newSession on session null to remote] DEBUG io.netty.util.NetUtil - -Djava.net.preferIPv6Addresses: false
21:37:40.139 [Forwarding newSession on session null to remote] DEBUG io.netty.util.NetUtilInitializations - Loopback interface: lo (Software Loopback Interface 1, 127.0.0.1)
21:37:40.140 [Forwarding newSession on session null to remote] DEBUG io.netty.util.NetUtil - Failed to get SOMAXCONN from sysctl and file \proc\sys\net\core\somaxconn. Default: 200
21:37:40.170 [Forwarding newSession on session null to remote] DEBUG io.netty.channel.DefaultChannelId - -Dio.netty.machineId: 40:b8:9a:ff:fe:2c:18:37 (auto-detected)
21:37:40.264 [AsyncHttpClient-1-2] DEBUG io.netty.buffer.AbstractByteBuf - -Dio.netty.buffer.checkAccessible: true
21:37:40.265 [AsyncHttpClient-1-2] DEBUG io.netty.buffer.AbstractByteBuf - -Dio.netty.buffer.checkBounds: true
21:37:40.265 [AsyncHttpClient-1-2] DEBUG io.netty.util.ResourceLeakDetectorFactory - Loaded default ResourceLeakDetector: io.netty.util.ResourceLeakDetector@56e60e94
21:37:40.306 [AsyncHttpClient-1-2] DEBUG io.netty.util.Recycler - -Dio.netty.recycler.maxCapacityPerThread: 4096
21:37:40.307 [AsyncHttpClient-1-2] DEBUG io.netty.util.Recycler - -Dio.netty.recycler.ratio: 8
21:37:40.307 [AsyncHttpClient-1-2] DEBUG io.netty.util.Recycler - -Dio.netty.recycler.chunkSize: 32
21:37:40.307 [AsyncHttpClient-1-2] DEBUG io.netty.util.Recycler - -Dio.netty.recycler.blocking: false
21:37:40.307 [AsyncHttpClient-1-2] DEBUG io.netty.util.Recycler - -Dio.netty.recycler.batchFastThreadLocalOnly: true
21:37:42.127 [AsyncHttpClient-1-2] DEBUG io.netty.handler.codec.compression.Brotli - brotli4j not in the classpath; Brotli support will be unavailable.
21:37:42.708 [TestNG-tests-1] DEBUG io.netty.util.internal.ThreadLocalRandom - -Dio.netty.initialSeedUniquifier: 0xe0ecbd6669695471
21:37:47.246 [TestNG-tests-1] INFO  testCases.TC_001_AccountRegistrationTest -  ******* starting TC_001_AccountRegistrationTest 
21:37:48.167 [TestNG-tests-1] INFO  testCases.TC_001_AccountRegistrationTest - CLICKED ON ACCOUNT LINK
21:37:48.981 [TestNG-tests-2] INFO  testCases.TC_001_AccountRegistrationTest -  ******* starting TC_001_AccountRegistrationTest 
21:37:49.561 [TestNG-tests-2] INFO  testCases.TC_001_AccountRegistrationTest - CLICKED ON ACCOUNT LINK
21:37:51.218 [TestNG-tests-2] INFO  testCases.TC_001_AccountRegistrationTest - CLICKED ON REGISTER
21:37:51.231 [TestNG-tests-2] INFO  testCases.TC_001_AccountRegistrationTest - PROVIDING CUSTOMER DETAILS 
21:37:52.271 [TestNG-tests-1] INFO  testCases.TC_001_AccountRegistrationTest - CLICKED ON REGISTER
21:37:52.273 [TestNG-tests-1] INFO  testCases.TC_001_AccountRegistrationTest - PROVIDING CUSTOMER DETAILS 
21:37:53.306 [TestNG-tests-2] INFO  testCases.TC_001_AccountRegistrationTest - CLICKED PRIVACY POLICE
21:37:53.460 [TestNG-tests-2] INFO  testCases.TC_001_AccountRegistrationTest - CLICKED CONTUNE 
21:37:53.561 [TestNG-tests-1] INFO  testCases.TC_001_AccountRegistrationTest - CLICKED PRIVACY POLICE
21:37:54.512 [TestNG-tests-1] INFO  testCases.TC_001_AccountRegistrationTest - CLICKED CONTUNE 
21:37:57.092 [TestNG-tests-2] INFO  testCases.TC_001_AccountRegistrationTest - VALIDATE EXPECTED MSG 
21:37:58.088 [TestNG-tests-1] INFO  testCases.TC_001_AccountRegistrationTest - VALIDATE EXPECTED MSG 
21:40:11.262 [TestNG-tests-2] DEBUG io.netty.util.internal.logging.InternalLoggerFactory - Using Log4J2 as the default logging framework
21:40:11.288 [TestNG-tests-2] DEBUG io.netty.util.ResourceLeakDetector - -Dio.netty.leakDetection.level: simple
21:40:11.288 [TestNG-tests-2] DEBUG io.netty.util.ResourceLeakDetector - -Dio.netty.leakDetection.targetRecords: 4
21:40:11.297 [TestNG-tests-2] DEBUG io.netty.util.ResourceLeakDetectorFactory - Loaded default ResourceLeakDetector: io.netty.util.ResourceLeakDetector@772e195e
21:40:11.332 [TestNG-tests-2] DEBUG io.netty.util.internal.PlatformDependent0 - -Dio.netty.noUnsafe: false
21:40:11.332 [TestNG-tests-2] DEBUG io.netty.util.internal.PlatformDependent0 - Java version: 19
21:40:11.334 [TestNG-tests-2] DEBUG io.netty.util.internal.PlatformDependent0 - sun.misc.Unsafe.theUnsafe: available
21:40:11.335 [TestNG-tests-2] DEBUG io.netty.util.internal.PlatformDependent0 - sun.misc.Unsafe.copyMemory: available
21:40:11.336 [TestNG-tests-2] DEBUG io.netty.util.internal.PlatformDependent0 - sun.misc.Unsafe.storeFence: available
21:40:11.338 [TestNG-tests-2] DEBUG io.netty.util.internal.PlatformDependent0 - java.nio.Buffer.address: available
21:40:11.339 [TestNG-tests-2] DEBUG io.netty.util.internal.PlatformDependent0 - direct buffer constructor: unavailable: Reflective setAccessible(true) disabled
21:40:11.340 [TestNG-tests-2] DEBUG io.netty.util.internal.PlatformDependent0 - java.nio.Bits.unaligned: available, true
21:40:11.342 [TestNG-tests-2] DEBUG io.netty.util.internal.PlatformDependent0 - jdk.internal.misc.Unsafe.allocateUninitializedArray(int): unavailable: class io.netty.util.internal.PlatformDependent0$7 cannot access class jdk.internal.misc.Unsafe (in module java.base) because module java.base does not export jdk.internal.misc to unnamed module @14899482
21:40:11.345 [TestNG-tests-2] DEBUG io.netty.util.internal.PlatformDependent0 - java.nio.DirectByteBuffer.<init>(long, int): unavailable
21:40:11.345 [TestNG-tests-2] DEBUG io.netty.util.internal.PlatformDependent - sun.misc.Unsafe: available
21:40:11.347 [TestNG-tests-2] DEBUG io.netty.util.internal.PlatformDependent - maxDirectMemory: 1052770304 bytes (maybe)
21:40:11.347 [TestNG-tests-2] DEBUG io.netty.util.internal.PlatformDependent - -Dio.netty.tmpdir: C:\Users\BALAG~1\AppData\Local\Temp (java.io.tmpdir)
21:40:11.347 [TestNG-tests-2] DEBUG io.netty.util.internal.PlatformDependent - -Dio.netty.bitMode: 64 (sun.arch.data.model)
21:40:11.348 [TestNG-tests-2] DEBUG io.netty.util.internal.PlatformDependent - Platform: Windows
21:40:11.350 [TestNG-tests-2] DEBUG io.netty.util.internal.PlatformDependent - -Dio.netty.maxDirectMemory: -1 bytes
21:40:11.350 [TestNG-tests-2] DEBUG io.netty.util.internal.PlatformDependent - -Dio.netty.uninitializedArrayAllocationThreshold: -1
21:40:11.353 [TestNG-tests-2] DEBUG io.netty.util.internal.CleanerJava9 - java.nio.ByteBuffer.cleaner(): available
21:40:11.353 [TestNG-tests-2] DEBUG io.netty.util.internal.PlatformDependent - -Dio.netty.noPreferDirect: false
21:40:11.368 [TestNG-tests-2] DEBUG io.netty.util.internal.PlatformDependent - org.jctools-core.MpscChunkedArrayQueue: available
21:40:11.402 [TestNG-tests-2] DEBUG io.netty.util.internal.InternalThreadLocalMap - -Dio.netty.threadLocalMap.stringBuilder.initialSize: 1024
21:40:11.403 [TestNG-tests-2] DEBUG io.netty.util.internal.InternalThreadLocalMap - -Dio.netty.threadLocalMap.stringBuilder.maxSize: 4096
21:40:11.728 [TestNG-tests-2] DEBUG io.netty.handler.ssl.JdkSslContext - Default protocols (JDK): [TLSv1.3, TLSv1.2] 
21:40:11.729 [TestNG-tests-2] DEBUG io.netty.handler.ssl.JdkSslContext - Default cipher suites (JDK): [TLS_ECDHE_ECDSA_WITH_AES_256_GCM_SHA384, TLS_ECDHE_ECDSA_WITH_AES_128_GCM_SHA256, TLS_ECDHE_RSA_WITH_AES_128_GCM_SHA256, TLS_ECDHE_RSA_WITH_AES_256_GCM_SHA384, TLS_ECDHE_RSA_WITH_AES_128_CBC_SHA, TLS_ECDHE_RSA_WITH_AES_256_CBC_SHA, TLS_RSA_WITH_AES_128_GCM_SHA256, TLS_RSA_WITH_AES_128_CBC_SHA, TLS_RSA_WITH_AES_256_CBC_SHA, TLS_AES_128_GCM_SHA256, TLS_AES_256_GCM_SHA384]
21:40:11.753 [TestNG-tests-2] DEBUG io.netty.util.concurrent.GlobalEventExecutor - -Dio.netty.globalEventExecutor.quietPeriodSeconds: 1
21:40:11.774 [TestNG-tests-2] DEBUG io.netty.channel.MultithreadEventLoopGroup - -Dio.netty.eventLoopThreads: 8
21:40:11.790 [TestNG-tests-2] DEBUG io.netty.channel.nio.NioEventLoop - -Dio.netty.noKeySetOptimization: false
21:40:11.790 [TestNG-tests-2] DEBUG io.netty.channel.nio.NioEventLoop - -Dio.netty.selectorAutoRebuildThreshold: 512
21:40:11.863 [TestNG-tests-2] DEBUG io.netty.buffer.PooledByteBufAllocator - -Dio.netty.allocator.numHeapArenas: 8
21:40:11.864 [TestNG-tests-2] DEBUG io.netty.buffer.PooledByteBufAllocator - -Dio.netty.allocator.numDirectArenas: 8
21:40:11.864 [TestNG-tests-2] DEBUG io.netty.buffer.PooledByteBufAllocator - -Dio.netty.allocator.pageSize: 8192
21:40:11.864 [TestNG-tests-2] DEBUG io.netty.buffer.PooledByteBufAllocator - -Dio.netty.allocator.maxOrder: 9
21:40:11.864 [TestNG-tests-2] DEBUG io.netty.buffer.PooledByteBufAllocator - -Dio.netty.allocator.chunkSize: 4194304
21:40:11.864 [TestNG-tests-2] DEBUG io.netty.buffer.PooledByteBufAllocator - -Dio.netty.allocator.smallCacheSize: 256
21:40:11.864 [TestNG-tests-2] DEBUG io.netty.buffer.PooledByteBufAllocator - -Dio.netty.allocator.normalCacheSize: 64
21:40:11.865 [TestNG-tests-2] DEBUG io.netty.buffer.PooledByteBufAllocator - -Dio.netty.allocator.maxCachedBufferCapacity: 32768
21:40:11.865 [TestNG-tests-2] DEBUG io.netty.buffer.PooledByteBufAllocator - -Dio.netty.allocator.cacheTrimInterval: 8192
21:40:11.865 [TestNG-tests-2] DEBUG io.netty.buffer.PooledByteBufAllocator - -Dio.netty.allocator.cacheTrimIntervalMillis: 0
21:40:11.865 [TestNG-tests-2] DEBUG io.netty.buffer.PooledByteBufAllocator - -Dio.netty.allocator.useCacheForAllThreads: false
21:40:11.865 [TestNG-tests-2] DEBUG io.netty.buffer.PooledByteBufAllocator - -Dio.netty.allocator.maxCachedByteBuffersPerChunk: 1023
21:40:11.884 [TestNG-tests-2] DEBUG io.netty.buffer.ByteBufUtil - -Dio.netty.allocator.type: pooled
21:40:11.884 [TestNG-tests-2] DEBUG io.netty.buffer.ByteBufUtil - -Dio.netty.threadLocalDirectBufferSize: 0
21:40:11.885 [TestNG-tests-2] DEBUG io.netty.buffer.ByteBufUtil - -Dio.netty.maxThreadLocalCharBufferSize: 16384
21:40:12.423 [Forwarding newSession on session null to remote] DEBUG io.netty.channel.DefaultChannelId - -Dio.netty.processId: 11100 (auto-detected)
21:40:12.427 [Forwarding newSession on session null to remote] DEBUG io.netty.util.NetUtil - -Djava.net.preferIPv4Stack: false
21:40:12.427 [Forwarding newSession on session null to remote] DEBUG io.netty.util.NetUtil - -Djava.net.preferIPv6Addresses: false
21:40:12.439 [Forwarding newSession on session null to remote] DEBUG io.netty.util.NetUtilInitializations - Loopback interface: lo (Software Loopback Interface 1, 127.0.0.1)
21:40:12.441 [Forwarding newSession on session null to remote] DEBUG io.netty.util.NetUtil - Failed to get SOMAXCONN from sysctl and file \proc\sys\net\core\somaxconn. Default: 200
21:40:12.470 [Forwarding newSession on session null to remote] DEBUG io.netty.channel.DefaultChannelId - -Dio.netty.machineId: 40:b8:9a:ff:fe:2c:18:37 (auto-detected)
21:40:12.540 [AsyncHttpClient-1-2] DEBUG io.netty.buffer.AbstractByteBuf - -Dio.netty.buffer.checkAccessible: true
21:40:12.540 [AsyncHttpClient-1-2] DEBUG io.netty.buffer.AbstractByteBuf - -Dio.netty.buffer.checkBounds: true
21:40:12.541 [AsyncHttpClient-1-2] DEBUG io.netty.util.ResourceLeakDetectorFactory - Loaded default ResourceLeakDetector: io.netty.util.ResourceLeakDetector@5ad47aed
21:40:12.581 [AsyncHttpClient-1-2] DEBUG io.netty.util.Recycler - -Dio.netty.recycler.maxCapacityPerThread: 4096
21:40:12.581 [AsyncHttpClient-1-2] DEBUG io.netty.util.Recycler - -Dio.netty.recycler.ratio: 8
21:40:12.581 [AsyncHttpClient-1-2] DEBUG io.netty.util.Recycler - -Dio.netty.recycler.chunkSize: 32
21:40:12.581 [AsyncHttpClient-1-2] DEBUG io.netty.util.Recycler - -Dio.netty.recycler.blocking: false
21:40:12.581 [AsyncHttpClient-1-2] DEBUG io.netty.util.Recycler - -Dio.netty.recycler.batchFastThreadLocalOnly: true
21:40:14.116 [AsyncHttpClient-1-2] DEBUG io.netty.handler.codec.compression.Brotli - brotli4j not in the classpath; Brotli support will be unavailable.
21:40:14.447 [TestNG-tests-1] DEBUG io.netty.util.internal.ThreadLocalRandom - -Dio.netty.initialSeedUniquifier: 0xc82a70969474ad88
21:41:38.408 [TestNG-tests-2] DEBUG io.netty.util.internal.logging.InternalLoggerFactory - Using Log4J2 as the default logging framework
21:41:38.438 [TestNG-tests-2] DEBUG io.netty.util.ResourceLeakDetector - -Dio.netty.leakDetection.level: simple
21:41:38.439 [TestNG-tests-2] DEBUG io.netty.util.ResourceLeakDetector - -Dio.netty.leakDetection.targetRecords: 4
21:41:38.450 [TestNG-tests-2] DEBUG io.netty.util.ResourceLeakDetectorFactory - Loaded default ResourceLeakDetector: io.netty.util.ResourceLeakDetector@218241b9
21:41:38.489 [TestNG-tests-2] DEBUG io.netty.util.internal.PlatformDependent0 - -Dio.netty.noUnsafe: false
21:41:38.489 [TestNG-tests-2] DEBUG io.netty.util.internal.PlatformDependent0 - Java version: 19
21:41:38.491 [TestNG-tests-2] DEBUG io.netty.util.internal.PlatformDependent0 - sun.misc.Unsafe.theUnsafe: available
21:41:38.492 [TestNG-tests-2] DEBUG io.netty.util.internal.PlatformDependent0 - sun.misc.Unsafe.copyMemory: available
21:41:38.494 [TestNG-tests-2] DEBUG io.netty.util.internal.PlatformDependent0 - sun.misc.Unsafe.storeFence: available
21:41:38.496 [TestNG-tests-2] DEBUG io.netty.util.internal.PlatformDependent0 - java.nio.Buffer.address: available
21:41:38.497 [TestNG-tests-2] DEBUG io.netty.util.internal.PlatformDependent0 - direct buffer constructor: unavailable: Reflective setAccessible(true) disabled
21:41:38.498 [TestNG-tests-2] DEBUG io.netty.util.internal.PlatformDependent0 - java.nio.Bits.unaligned: available, true
21:41:38.501 [TestNG-tests-2] DEBUG io.netty.util.internal.PlatformDependent0 - jdk.internal.misc.Unsafe.allocateUninitializedArray(int): unavailable: class io.netty.util.internal.PlatformDependent0$7 cannot access class jdk.internal.misc.Unsafe (in module java.base) because module java.base does not export jdk.internal.misc to unnamed module @14899482
21:41:38.504 [TestNG-tests-2] DEBUG io.netty.util.internal.PlatformDependent0 - java.nio.DirectByteBuffer.<init>(long, int): unavailable
21:41:38.505 [TestNG-tests-2] DEBUG io.netty.util.internal.PlatformDependent - sun.misc.Unsafe: available
21:41:38.506 [TestNG-tests-2] DEBUG io.netty.util.internal.PlatformDependent - maxDirectMemory: 1052770304 bytes (maybe)
21:41:38.506 [TestNG-tests-2] DEBUG io.netty.util.internal.PlatformDependent - -Dio.netty.tmpdir: C:\Users\BALAG~1\AppData\Local\Temp (java.io.tmpdir)
21:41:38.506 [TestNG-tests-2] DEBUG io.netty.util.internal.PlatformDependent - -Dio.netty.bitMode: 64 (sun.arch.data.model)
21:41:38.507 [TestNG-tests-2] DEBUG io.netty.util.internal.PlatformDependent - Platform: Windows
21:41:38.509 [TestNG-tests-2] DEBUG io.netty.util.internal.PlatformDependent - -Dio.netty.maxDirectMemory: -1 bytes
21:41:38.509 [TestNG-tests-2] DEBUG io.netty.util.internal.PlatformDependent - -Dio.netty.uninitializedArrayAllocationThreshold: -1
21:41:38.511 [TestNG-tests-2] DEBUG io.netty.util.internal.CleanerJava9 - java.nio.ByteBuffer.cleaner(): available
21:41:38.511 [TestNG-tests-2] DEBUG io.netty.util.internal.PlatformDependent - -Dio.netty.noPreferDirect: false
21:41:38.526 [TestNG-tests-2] DEBUG io.netty.util.internal.PlatformDependent - org.jctools-core.MpscChunkedArrayQueue: available
21:41:38.559 [TestNG-tests-2] DEBUG io.netty.util.internal.InternalThreadLocalMap - -Dio.netty.threadLocalMap.stringBuilder.initialSize: 1024
21:41:38.560 [TestNG-tests-2] DEBUG io.netty.util.internal.InternalThreadLocalMap - -Dio.netty.threadLocalMap.stringBuilder.maxSize: 4096
21:41:38.880 [TestNG-tests-2] DEBUG io.netty.handler.ssl.JdkSslContext - Default protocols (JDK): [TLSv1.3, TLSv1.2] 
21:41:38.880 [TestNG-tests-2] DEBUG io.netty.handler.ssl.JdkSslContext - Default cipher suites (JDK): [TLS_ECDHE_ECDSA_WITH_AES_256_GCM_SHA384, TLS_ECDHE_ECDSA_WITH_AES_128_GCM_SHA256, TLS_ECDHE_RSA_WITH_AES_128_GCM_SHA256, TLS_ECDHE_RSA_WITH_AES_256_GCM_SHA384, TLS_ECDHE_RSA_WITH_AES_128_CBC_SHA, TLS_ECDHE_RSA_WITH_AES_256_CBC_SHA, TLS_RSA_WITH_AES_128_GCM_SHA256, TLS_RSA_WITH_AES_128_CBC_SHA, TLS_RSA_WITH_AES_256_CBC_SHA, TLS_AES_128_GCM_SHA256, TLS_AES_256_GCM_SHA384]
21:41:38.900 [TestNG-tests-2] DEBUG io.netty.util.concurrent.GlobalEventExecutor - -Dio.netty.globalEventExecutor.quietPeriodSeconds: 1
21:41:38.921 [TestNG-tests-2] DEBUG io.netty.channel.MultithreadEventLoopGroup - -Dio.netty.eventLoopThreads: 8
21:41:38.938 [TestNG-tests-2] DEBUG io.netty.channel.nio.NioEventLoop - -Dio.netty.noKeySetOptimization: false
21:41:38.938 [TestNG-tests-2] DEBUG io.netty.channel.nio.NioEventLoop - -Dio.netty.selectorAutoRebuildThreshold: 512
21:41:39.004 [TestNG-tests-2] DEBUG io.netty.buffer.PooledByteBufAllocator - -Dio.netty.allocator.numHeapArenas: 8
21:41:39.004 [TestNG-tests-2] DEBUG io.netty.buffer.PooledByteBufAllocator - -Dio.netty.allocator.numDirectArenas: 8
21:41:39.004 [TestNG-tests-2] DEBUG io.netty.buffer.PooledByteBufAllocator - -Dio.netty.allocator.pageSize: 8192
21:41:39.004 [TestNG-tests-2] DEBUG io.netty.buffer.PooledByteBufAllocator - -Dio.netty.allocator.maxOrder: 9
21:41:39.004 [TestNG-tests-2] DEBUG io.netty.buffer.PooledByteBufAllocator - -Dio.netty.allocator.chunkSize: 4194304
21:41:39.005 [TestNG-tests-2] DEBUG io.netty.buffer.PooledByteBufAllocator - -Dio.netty.allocator.smallCacheSize: 256
21:41:39.005 [TestNG-tests-2] DEBUG io.netty.buffer.PooledByteBufAllocator - -Dio.netty.allocator.normalCacheSize: 64
21:41:39.005 [TestNG-tests-2] DEBUG io.netty.buffer.PooledByteBufAllocator - -Dio.netty.allocator.maxCachedBufferCapacity: 32768
21:41:39.005 [TestNG-tests-2] DEBUG io.netty.buffer.PooledByteBufAllocator - -Dio.netty.allocator.cacheTrimInterval: 8192
21:41:39.005 [TestNG-tests-2] DEBUG io.netty.buffer.PooledByteBufAllocator - -Dio.netty.allocator.cacheTrimIntervalMillis: 0
21:41:39.005 [TestNG-tests-2] DEBUG io.netty.buffer.PooledByteBufAllocator - -Dio.netty.allocator.useCacheForAllThreads: false
21:41:39.005 [TestNG-tests-2] DEBUG io.netty.buffer.PooledByteBufAllocator - -Dio.netty.allocator.maxCachedByteBuffersPerChunk: 1023
21:41:39.022 [TestNG-tests-2] DEBUG io.netty.buffer.ByteBufUtil - -Dio.netty.allocator.type: pooled
21:41:39.023 [TestNG-tests-2] DEBUG io.netty.buffer.ByteBufUtil - -Dio.netty.threadLocalDirectBufferSize: 0
21:41:39.023 [TestNG-tests-2] DEBUG io.netty.buffer.ByteBufUtil - -Dio.netty.maxThreadLocalCharBufferSize: 16384
21:41:39.522 [Forwarding newSession on session null to remote] DEBUG io.netty.channel.DefaultChannelId - -Dio.netty.processId: 10984 (auto-detected)
21:41:39.527 [Forwarding newSession on session null to remote] DEBUG io.netty.util.NetUtil - -Djava.net.preferIPv4Stack: false
21:41:39.527 [Forwarding newSession on session null to remote] DEBUG io.netty.util.NetUtil - -Djava.net.preferIPv6Addresses: false
21:41:39.541 [Forwarding newSession on session null to remote] DEBUG io.netty.util.NetUtilInitializations - Loopback interface: lo (Software Loopback Interface 1, 127.0.0.1)
21:41:39.543 [Forwarding newSession on session null to remote] DEBUG io.netty.util.NetUtil - Failed to get SOMAXCONN from sysctl and file \proc\sys\net\core\somaxconn. Default: 200
21:41:39.572 [Forwarding newSession on session null to remote] DEBUG io.netty.channel.DefaultChannelId - -Dio.netty.machineId: 40:b8:9a:ff:fe:2c:18:37 (auto-detected)
21:41:39.644 [AsyncHttpClient-1-2] DEBUG io.netty.buffer.AbstractByteBuf - -Dio.netty.buffer.checkAccessible: true
21:41:39.645 [AsyncHttpClient-1-2] DEBUG io.netty.buffer.AbstractByteBuf - -Dio.netty.buffer.checkBounds: true
21:41:39.645 [AsyncHttpClient-1-2] DEBUG io.netty.util.ResourceLeakDetectorFactory - Loaded default ResourceLeakDetector: io.netty.util.ResourceLeakDetector@262f7a13
21:41:39.704 [AsyncHttpClient-1-2] DEBUG io.netty.util.Recycler - -Dio.netty.recycler.maxCapacityPerThread: 4096
21:41:39.704 [AsyncHttpClient-1-2] DEBUG io.netty.util.Recycler - -Dio.netty.recycler.ratio: 8
21:41:39.704 [AsyncHttpClient-1-2] DEBUG io.netty.util.Recycler - -Dio.netty.recycler.chunkSize: 32
21:41:39.704 [AsyncHttpClient-1-2] DEBUG io.netty.util.Recycler - -Dio.netty.recycler.blocking: false
21:41:39.705 [AsyncHttpClient-1-2] DEBUG io.netty.util.Recycler - -Dio.netty.recycler.batchFastThreadLocalOnly: true
21:41:41.271 [AsyncHttpClient-1-2] DEBUG io.netty.handler.codec.compression.Brotli - brotli4j not in the classpath; Brotli support will be unavailable.
21:41:42.157 [TestNG-tests-1] DEBUG io.netty.util.internal.ThreadLocalRandom - -Dio.netty.initialSeedUniquifier: 0x5109115ae0ca1bfc
21:41:46.103 [TestNG-tests-1] INFO  testCases.TC_001_AccountRegistrationTest -  ******* starting TC_001_AccountRegistrationTest 
21:41:46.578 [TestNG-tests-1] INFO  testCases.TC_001_AccountRegistrationTest - CLICKED ON ACCOUNT LINK
21:41:47.626 [TestNG-tests-2] INFO  testCases.TC_001_AccountRegistrationTest -  ******* starting TC_001_AccountRegistrationTest 
21:41:47.923 [TestNG-tests-2] INFO  testCases.TC_001_AccountRegistrationTest - CLICKED ON ACCOUNT LINK
21:41:50.484 [TestNG-tests-1] INFO  testCases.TC_001_AccountRegistrationTest - CLICKED ON REGISTER
21:41:50.492 [TestNG-tests-1] INFO  testCases.TC_001_AccountRegistrationTest - PROVIDING CUSTOMER DETAILS 
21:41:51.080 [TestNG-tests-2] INFO  testCases.TC_001_AccountRegistrationTest - CLICKED ON REGISTER
21:41:51.087 [TestNG-tests-2] INFO  testCases.TC_001_AccountRegistrationTest - PROVIDING CUSTOMER DETAILS 
21:41:52.508 [TestNG-tests-1] INFO  testCases.TC_001_AccountRegistrationTest - CLICKED PRIVACY POLICE
21:41:52.595 [TestNG-tests-1] INFO  testCases.TC_001_AccountRegistrationTest - CLICKED CONTUNE 
21:41:52.767 [TestNG-tests-2] INFO  testCases.TC_001_AccountRegistrationTest - CLICKED PRIVACY POLICE
21:41:52.856 [TestNG-tests-2] INFO  testCases.TC_001_AccountRegistrationTest - CLICKED CONTUNE 
21:41:56.842 [TestNG-tests-2] INFO  testCases.TC_001_AccountRegistrationTest - VALIDATE EXPECTED MSG 
21:41:57.863 [TestNG-tests-1] INFO  testCases.TC_001_AccountRegistrationTest - VALIDATE EXPECTED MSG 
21:42:19.802 [main] DEBUG io.netty.util.internal.logging.InternalLoggerFactory - Using Log4J2 as the default logging framework
21:42:19.827 [main] DEBUG io.netty.util.ResourceLeakDetector - -Dio.netty.leakDetection.level: simple
21:42:19.827 [main] DEBUG io.netty.util.ResourceLeakDetector - -Dio.netty.leakDetection.targetRecords: 4
21:42:19.835 [main] DEBUG io.netty.util.ResourceLeakDetectorFactory - Loaded default ResourceLeakDetector: io.netty.util.ResourceLeakDetector@7646731d
21:42:19.870 [main] DEBUG io.netty.util.internal.PlatformDependent0 - -Dio.netty.noUnsafe: false
21:42:19.870 [main] DEBUG io.netty.util.internal.PlatformDependent0 - Java version: 19
21:42:19.871 [main] DEBUG io.netty.util.internal.PlatformDependent0 - sun.misc.Unsafe.theUnsafe: available
21:42:19.872 [main] DEBUG io.netty.util.internal.PlatformDependent0 - sun.misc.Unsafe.copyMemory: available
21:42:19.873 [main] DEBUG io.netty.util.internal.PlatformDependent0 - sun.misc.Unsafe.storeFence: available
21:42:19.875 [main] DEBUG io.netty.util.internal.PlatformDependent0 - java.nio.Buffer.address: available
21:42:19.877 [main] DEBUG io.netty.util.internal.PlatformDependent0 - direct buffer constructor: unavailable: Reflective setAccessible(true) disabled
21:42:19.878 [main] DEBUG io.netty.util.internal.PlatformDependent0 - java.nio.Bits.unaligned: available, true
21:42:19.880 [main] DEBUG io.netty.util.internal.PlatformDependent0 - jdk.internal.misc.Unsafe.allocateUninitializedArray(int): unavailable: class io.netty.util.internal.PlatformDependent0$7 cannot access class jdk.internal.misc.Unsafe (in module java.base) because module java.base does not export jdk.internal.misc to unnamed module @14899482
21:42:19.883 [main] DEBUG io.netty.util.internal.PlatformDependent0 - java.nio.DirectByteBuffer.<init>(long, int): unavailable
21:42:19.883 [main] DEBUG io.netty.util.internal.PlatformDependent - sun.misc.Unsafe: available
21:42:19.884 [main] DEBUG io.netty.util.internal.PlatformDependent - maxDirectMemory: 1052770304 bytes (maybe)
21:42:19.885 [main] DEBUG io.netty.util.internal.PlatformDependent - -Dio.netty.tmpdir: C:\Users\BALAG~1\AppData\Local\Temp (java.io.tmpdir)
21:42:19.885 [main] DEBUG io.netty.util.internal.PlatformDependent - -Dio.netty.bitMode: 64 (sun.arch.data.model)
21:42:19.886 [main] DEBUG io.netty.util.internal.PlatformDependent - Platform: Windows
21:42:19.888 [main] DEBUG io.netty.util.internal.PlatformDependent - -Dio.netty.maxDirectMemory: -1 bytes
21:42:19.889 [main] DEBUG io.netty.util.internal.PlatformDependent - -Dio.netty.uninitializedArrayAllocationThreshold: -1
21:42:19.891 [main] DEBUG io.netty.util.internal.CleanerJava9 - java.nio.ByteBuffer.cleaner(): available
21:42:19.892 [main] DEBUG io.netty.util.internal.PlatformDependent - -Dio.netty.noPreferDirect: false
21:42:19.909 [main] DEBUG io.netty.util.internal.PlatformDependent - org.jctools-core.MpscChunkedArrayQueue: available
21:42:19.959 [main] DEBUG io.netty.util.internal.InternalThreadLocalMap - -Dio.netty.threadLocalMap.stringBuilder.initialSize: 1024
21:42:19.959 [main] DEBUG io.netty.util.internal.InternalThreadLocalMap - -Dio.netty.threadLocalMap.stringBuilder.maxSize: 4096
21:42:20.275 [main] DEBUG io.netty.handler.ssl.JdkSslContext - Default protocols (JDK): [TLSv1.3, TLSv1.2] 
21:42:20.275 [main] DEBUG io.netty.handler.ssl.JdkSslContext - Default cipher suites (JDK): [TLS_ECDHE_ECDSA_WITH_AES_256_GCM_SHA384, TLS_ECDHE_ECDSA_WITH_AES_128_GCM_SHA256, TLS_ECDHE_RSA_WITH_AES_128_GCM_SHA256, TLS_ECDHE_RSA_WITH_AES_256_GCM_SHA384, TLS_ECDHE_RSA_WITH_AES_128_CBC_SHA, TLS_ECDHE_RSA_WITH_AES_256_CBC_SHA, TLS_RSA_WITH_AES_128_GCM_SHA256, TLS_RSA_WITH_AES_128_CBC_SHA, TLS_RSA_WITH_AES_256_CBC_SHA, TLS_AES_128_GCM_SHA256, TLS_AES_256_GCM_SHA384]
21:42:20.298 [main] DEBUG io.netty.util.concurrent.GlobalEventExecutor - -Dio.netty.globalEventExecutor.quietPeriodSeconds: 1
21:42:20.317 [main] DEBUG io.netty.channel.MultithreadEventLoopGroup - -Dio.netty.eventLoopThreads: 8
21:42:20.332 [main] DEBUG io.netty.channel.nio.NioEventLoop - -Dio.netty.noKeySetOptimization: false
21:42:20.332 [main] DEBUG io.netty.channel.nio.NioEventLoop - -Dio.netty.selectorAutoRebuildThreshold: 512
21:42:20.396 [main] DEBUG io.netty.buffer.PooledByteBufAllocator - -Dio.netty.allocator.numHeapArenas: 8
21:42:20.396 [main] DEBUG io.netty.buffer.PooledByteBufAllocator - -Dio.netty.allocator.numDirectArenas: 8
21:42:20.396 [main] DEBUG io.netty.buffer.PooledByteBufAllocator - -Dio.netty.allocator.pageSize: 8192
21:42:20.396 [main] DEBUG io.netty.buffer.PooledByteBufAllocator - -Dio.netty.allocator.maxOrder: 9
21:42:20.396 [main] DEBUG io.netty.buffer.PooledByteBufAllocator - -Dio.netty.allocator.chunkSize: 4194304
21:42:20.397 [main] DEBUG io.netty.buffer.PooledByteBufAllocator - -Dio.netty.allocator.smallCacheSize: 256
21:42:20.397 [main] DEBUG io.netty.buffer.PooledByteBufAllocator - -Dio.netty.allocator.normalCacheSize: 64
21:42:20.397 [main] DEBUG io.netty.buffer.PooledByteBufAllocator - -Dio.netty.allocator.maxCachedBufferCapacity: 32768
21:42:20.397 [main] DEBUG io.netty.buffer.PooledByteBufAllocator - -Dio.netty.allocator.cacheTrimInterval: 8192
21:42:20.397 [main] DEBUG io.netty.buffer.PooledByteBufAllocator - -Dio.netty.allocator.cacheTrimIntervalMillis: 0
21:42:20.397 [main] DEBUG io.netty.buffer.PooledByteBufAllocator - -Dio.netty.allocator.useCacheForAllThreads: false
21:42:20.397 [main] DEBUG io.netty.buffer.PooledByteBufAllocator - -Dio.netty.allocator.maxCachedByteBuffersPerChunk: 1023
21:42:20.412 [main] DEBUG io.netty.buffer.ByteBufUtil - -Dio.netty.allocator.type: pooled
21:42:20.413 [main] DEBUG io.netty.buffer.ByteBufUtil - -Dio.netty.threadLocalDirectBufferSize: 0
21:42:20.413 [main] DEBUG io.netty.buffer.ByteBufUtil - -Dio.netty.maxThreadLocalCharBufferSize: 16384
21:42:22.587 [Forwarding newSession on session null to remote] DEBUG io.netty.channel.DefaultChannelId - -Dio.netty.processId: 15404 (auto-detected)
21:42:22.591 [Forwarding newSession on session null to remote] DEBUG io.netty.util.NetUtil - -Djava.net.preferIPv4Stack: false
21:42:22.591 [Forwarding newSession on session null to remote] DEBUG io.netty.util.NetUtil - -Djava.net.preferIPv6Addresses: false
21:42:22.604 [Forwarding newSession on session null to remote] DEBUG io.netty.util.NetUtilInitializations - Loopback interface: lo (Software Loopback Interface 1, 127.0.0.1)
21:42:22.605 [Forwarding newSession on session null to remote] DEBUG io.netty.util.NetUtil - Failed to get SOMAXCONN from sysctl and file \proc\sys\net\core\somaxconn. Default: 200
21:42:22.636 [Forwarding newSession on session null to remote] DEBUG io.netty.channel.DefaultChannelId - -Dio.netty.machineId: 40:b8:9a:ff:fe:2c:18:37 (auto-detected)
21:42:22.710 [AsyncHttpClient-1-2] DEBUG io.netty.buffer.AbstractByteBuf - -Dio.netty.buffer.checkAccessible: true
21:42:22.711 [AsyncHttpClient-1-2] DEBUG io.netty.buffer.AbstractByteBuf - -Dio.netty.buffer.checkBounds: true
21:42:22.711 [AsyncHttpClient-1-2] DEBUG io.netty.util.ResourceLeakDetectorFactory - Loaded default ResourceLeakDetector: io.netty.util.ResourceLeakDetector@6cadf96d
21:42:22.750 [AsyncHttpClient-1-2] DEBUG io.netty.util.Recycler - -Dio.netty.recycler.maxCapacityPerThread: 4096
21:42:22.751 [AsyncHttpClient-1-2] DEBUG io.netty.util.Recycler - -Dio.netty.recycler.ratio: 8
21:42:22.751 [AsyncHttpClient-1-2] DEBUG io.netty.util.Recycler - -Dio.netty.recycler.chunkSize: 32
21:42:22.751 [AsyncHttpClient-1-2] DEBUG io.netty.util.Recycler - -Dio.netty.recycler.blocking: false
21:42:22.751 [AsyncHttpClient-1-2] DEBUG io.netty.util.Recycler - -Dio.netty.recycler.batchFastThreadLocalOnly: true
21:42:24.019 [AsyncHttpClient-1-2] DEBUG io.netty.handler.codec.compression.Brotli - brotli4j not in the classpath; Brotli support will be unavailable.
21:42:24.469 [main] DEBUG io.netty.util.internal.ThreadLocalRandom - -Dio.netty.initialSeedUniquifier: 0x2e5e21b89a1601c8
21:42:26.244 [main] INFO  testCases.TC_001_AccountRegistrationTest -  ******* starting TC_001_AccountRegistrationTest 
21:42:26.462 [main] INFO  testCases.TC_001_AccountRegistrationTest - CLICKED ON ACCOUNT LINK
21:42:27.326 [main] INFO  testCases.TC_001_AccountRegistrationTest - CLICKED ON REGISTER
21:42:27.334 [main] INFO  testCases.TC_001_AccountRegistrationTest - PROVIDING CUSTOMER DETAILS 
21:42:28.624 [main] INFO  testCases.TC_001_AccountRegistrationTest - CLICKED PRIVACY POLICE
21:42:28.699 [main] INFO  testCases.TC_001_AccountRegistrationTest - CLICKED CONTUNE 
21:42:32.734 [main] INFO  testCases.TC_001_AccountRegistrationTest - VALIDATE EXPECTED MSG 
01:54:49.881 [TestNG-tests-1] DEBUG io.netty.util.internal.logging.InternalLoggerFactory - Using Log4J2 as the default logging framework
01:54:49.919 [TestNG-tests-1] DEBUG io.netty.util.ResourceLeakDetector - -Dio.netty.leakDetection.level: simple
01:54:49.920 [TestNG-tests-1] DEBUG io.netty.util.ResourceLeakDetector - -Dio.netty.leakDetection.targetRecords: 4
01:54:49.937 [TestNG-tests-1] DEBUG io.netty.util.ResourceLeakDetectorFactory - Loaded default ResourceLeakDetector: io.netty.util.ResourceLeakDetector@2afb7d32
01:54:49.996 [TestNG-tests-1] DEBUG io.netty.util.internal.PlatformDependent0 - -Dio.netty.noUnsafe: false
01:54:49.996 [TestNG-tests-1] DEBUG io.netty.util.internal.PlatformDependent0 - Java version: 19
01:54:49.998 [TestNG-tests-1] DEBUG io.netty.util.internal.PlatformDependent0 - sun.misc.Unsafe.theUnsafe: available
01:54:49.999 [TestNG-tests-1] DEBUG io.netty.util.internal.PlatformDependent0 - sun.misc.Unsafe.copyMemory: available
01:54:50.001 [TestNG-tests-1] DEBUG io.netty.util.internal.PlatformDependent0 - sun.misc.Unsafe.storeFence: available
01:54:50.004 [TestNG-tests-1] DEBUG io.netty.util.internal.PlatformDependent0 - java.nio.Buffer.address: available
01:54:50.005 [TestNG-tests-1] DEBUG io.netty.util.internal.PlatformDependent0 - direct buffer constructor: unavailable: Reflective setAccessible(true) disabled
01:54:50.007 [TestNG-tests-1] DEBUG io.netty.util.internal.PlatformDependent0 - java.nio.Bits.unaligned: available, true
01:54:50.011 [TestNG-tests-1] DEBUG io.netty.util.internal.PlatformDependent0 - jdk.internal.misc.Unsafe.allocateUninitializedArray(int): unavailable: class io.netty.util.internal.PlatformDependent0$7 cannot access class jdk.internal.misc.Unsafe (in module java.base) because module java.base does not export jdk.internal.misc to unnamed module @14899482
01:54:50.015 [TestNG-tests-1] DEBUG io.netty.util.internal.PlatformDependent0 - java.nio.DirectByteBuffer.<init>(long, int): unavailable
01:54:50.016 [TestNG-tests-1] DEBUG io.netty.util.internal.PlatformDependent - sun.misc.Unsafe: available
01:54:50.019 [TestNG-tests-1] DEBUG io.netty.util.internal.PlatformDependent - maxDirectMemory: 1052770304 bytes (maybe)
01:54:50.022 [TestNG-tests-1] DEBUG io.netty.util.internal.PlatformDependent - -Dio.netty.tmpdir: C:\Users\BALAG~1\AppData\Local\Temp (java.io.tmpdir)
01:54:50.023 [TestNG-tests-1] DEBUG io.netty.util.internal.PlatformDependent - -Dio.netty.bitMode: 64 (sun.arch.data.model)
01:54:50.024 [TestNG-tests-1] DEBUG io.netty.util.internal.PlatformDependent - Platform: Windows
01:54:50.030 [TestNG-tests-1] DEBUG io.netty.util.internal.PlatformDependent - -Dio.netty.maxDirectMemory: -1 bytes
01:54:50.031 [TestNG-tests-1] DEBUG io.netty.util.internal.PlatformDependent - -Dio.netty.uninitializedArrayAllocationThreshold: -1
01:54:50.035 [TestNG-tests-1] DEBUG io.netty.util.internal.CleanerJava9 - java.nio.ByteBuffer.cleaner(): available
01:54:50.035 [TestNG-tests-1] DEBUG io.netty.util.internal.PlatformDependent - -Dio.netty.noPreferDirect: false
01:54:50.059 [TestNG-tests-1] DEBUG io.netty.util.internal.PlatformDependent - org.jctools-core.MpscChunkedArrayQueue: available
01:54:50.116 [TestNG-tests-1] DEBUG io.netty.util.internal.InternalThreadLocalMap - -Dio.netty.threadLocalMap.stringBuilder.initialSize: 1024
01:54:50.116 [TestNG-tests-1] DEBUG io.netty.util.internal.InternalThreadLocalMap - -Dio.netty.threadLocalMap.stringBuilder.maxSize: 4096
01:54:50.614 [TestNG-tests-1] DEBUG io.netty.handler.ssl.JdkSslContext - Default protocols (JDK): [TLSv1.3, TLSv1.2] 
01:54:50.614 [TestNG-tests-1] DEBUG io.netty.handler.ssl.JdkSslContext - Default cipher suites (JDK): [TLS_ECDHE_ECDSA_WITH_AES_256_GCM_SHA384, TLS_ECDHE_ECDSA_WITH_AES_128_GCM_SHA256, TLS_ECDHE_RSA_WITH_AES_128_GCM_SHA256, TLS_ECDHE_RSA_WITH_AES_256_GCM_SHA384, TLS_ECDHE_RSA_WITH_AES_128_CBC_SHA, TLS_ECDHE_RSA_WITH_AES_256_CBC_SHA, TLS_RSA_WITH_AES_128_GCM_SHA256, TLS_RSA_WITH_AES_128_CBC_SHA, TLS_RSA_WITH_AES_256_CBC_SHA, TLS_AES_128_GCM_SHA256, TLS_AES_256_GCM_SHA384]
01:54:50.665 [TestNG-tests-1] DEBUG io.netty.util.concurrent.GlobalEventExecutor - -Dio.netty.globalEventExecutor.quietPeriodSeconds: 1
01:54:50.711 [TestNG-tests-1] DEBUG io.netty.channel.MultithreadEventLoopGroup - -Dio.netty.eventLoopThreads: 8
01:54:50.746 [TestNG-tests-1] DEBUG io.netty.channel.nio.NioEventLoop - -Dio.netty.noKeySetOptimization: false
01:54:50.746 [TestNG-tests-1] DEBUG io.netty.channel.nio.NioEventLoop - -Dio.netty.selectorAutoRebuildThreshold: 512
01:54:50.898 [TestNG-tests-1] DEBUG io.netty.buffer.PooledByteBufAllocator - -Dio.netty.allocator.numHeapArenas: 8
01:54:50.898 [TestNG-tests-1] DEBUG io.netty.buffer.PooledByteBufAllocator - -Dio.netty.allocator.numDirectArenas: 8
01:54:50.898 [TestNG-tests-1] DEBUG io.netty.buffer.PooledByteBufAllocator - -Dio.netty.allocator.pageSize: 8192
01:54:50.898 [TestNG-tests-1] DEBUG io.netty.buffer.PooledByteBufAllocator - -Dio.netty.allocator.maxOrder: 9
01:54:50.898 [TestNG-tests-1] DEBUG io.netty.buffer.PooledByteBufAllocator - -Dio.netty.allocator.chunkSize: 4194304
01:54:50.898 [TestNG-tests-1] DEBUG io.netty.buffer.PooledByteBufAllocator - -Dio.netty.allocator.smallCacheSize: 256
01:54:50.900 [TestNG-tests-1] DEBUG io.netty.buffer.PooledByteBufAllocator - -Dio.netty.allocator.normalCacheSize: 64
01:54:50.900 [TestNG-tests-1] DEBUG io.netty.buffer.PooledByteBufAllocator - -Dio.netty.allocator.maxCachedBufferCapacity: 32768
01:54:50.900 [TestNG-tests-1] DEBUG io.netty.buffer.PooledByteBufAllocator - -Dio.netty.allocator.cacheTrimInterval: 8192
01:54:50.900 [TestNG-tests-1] DEBUG io.netty.buffer.PooledByteBufAllocator - -Dio.netty.allocator.cacheTrimIntervalMillis: 0
01:54:50.901 [TestNG-tests-1] DEBUG io.netty.buffer.PooledByteBufAllocator - -Dio.netty.allocator.useCacheForAllThreads: false
01:54:50.901 [TestNG-tests-1] DEBUG io.netty.buffer.PooledByteBufAllocator - -Dio.netty.allocator.maxCachedByteBuffersPerChunk: 1023
01:54:50.935 [TestNG-tests-1] DEBUG io.netty.buffer.ByteBufUtil - -Dio.netty.allocator.type: pooled
01:54:50.936 [TestNG-tests-1] DEBUG io.netty.buffer.ByteBufUtil - -Dio.netty.threadLocalDirectBufferSize: 0
01:54:50.936 [TestNG-tests-1] DEBUG io.netty.buffer.ByteBufUtil - -Dio.netty.maxThreadLocalCharBufferSize: 16384
01:54:52.980 [Forwarding newSession on session null to remote] DEBUG io.netty.channel.DefaultChannelId - -Dio.netty.processId: 10924 (auto-detected)
01:54:52.985 [Forwarding newSession on session null to remote] DEBUG io.netty.util.NetUtil - -Djava.net.preferIPv4Stack: false
01:54:52.986 [Forwarding newSession on session null to remote] DEBUG io.netty.util.NetUtil - -Djava.net.preferIPv6Addresses: false
01:54:53.006 [Forwarding newSession on session null to remote] DEBUG io.netty.util.NetUtilInitializations - Loopback interface: lo (Software Loopback Interface 1, 127.0.0.1)
01:54:53.008 [Forwarding newSession on session null to remote] DEBUG io.netty.util.NetUtil - Failed to get SOMAXCONN from sysctl and file \proc\sys\net\core\somaxconn. Default: 200
01:54:53.053 [Forwarding newSession on session null to remote] DEBUG io.netty.channel.DefaultChannelId - -Dio.netty.machineId: 40:b8:9a:ff:fe:2c:18:37 (auto-detected)
01:54:53.163 [AsyncHttpClient-1-2] DEBUG io.netty.buffer.AbstractByteBuf - -Dio.netty.buffer.checkAccessible: true
01:54:53.163 [AsyncHttpClient-1-2] DEBUG io.netty.buffer.AbstractByteBuf - -Dio.netty.buffer.checkBounds: true
01:54:53.164 [AsyncHttpClient-1-2] DEBUG io.netty.util.ResourceLeakDetectorFactory - Loaded default ResourceLeakDetector: io.netty.util.ResourceLeakDetector@6389b096
01:54:53.219 [AsyncHttpClient-1-2] DEBUG io.netty.util.Recycler - -Dio.netty.recycler.maxCapacityPerThread: 4096
01:54:53.219 [AsyncHttpClient-1-2] DEBUG io.netty.util.Recycler - -Dio.netty.recycler.ratio: 8
01:54:53.219 [AsyncHttpClient-1-2] DEBUG io.netty.util.Recycler - -Dio.netty.recycler.chunkSize: 32
01:54:53.219 [AsyncHttpClient-1-2] DEBUG io.netty.util.Recycler - -Dio.netty.recycler.blocking: false
01:54:53.219 [AsyncHttpClient-1-2] DEBUG io.netty.util.Recycler - -Dio.netty.recycler.batchFastThreadLocalOnly: true
01:54:56.573 [AsyncHttpClient-1-2] DEBUG io.netty.handler.codec.compression.Brotli - brotli4j not in the classpath; Brotli support will be unavailable.
01:54:57.571 [TestNG-tests-1] DEBUG io.netty.util.internal.ThreadLocalRandom - -Dio.netty.initialSeedUniquifier: 0x417f94ed59380028
01:55:01.648 [TestNG-tests-1] INFO  testCases.TC_001_AccountRegistrationTest -  ******* starting TC_001_AccountRegistrationTest 
01:55:03.027 [TestNG-tests-1] INFO  testCases.TC_001_AccountRegistrationTest - CLICKED ON ACCOUNT LINK
01:55:07.721 [TestNG-tests-1] INFO  testCases.TC_001_AccountRegistrationTest - CLICKED ON REGISTER
01:55:07.741 [TestNG-tests-1] INFO  testCases.TC_001_AccountRegistrationTest - PROVIDING CUSTOMER DETAILS 
01:55:09.950 [TestNG-tests-2] INFO  testCases.TC_001_AccountRegistrationTest -  ******* starting TC_001_AccountRegistrationTest 
01:55:10.226 [TestNG-tests-1] INFO  testCases.TC_001_AccountRegistrationTest - CLICKED PRIVACY POLICE
01:55:10.451 [TestNG-tests-1] INFO  testCases.TC_001_AccountRegistrationTest - CLICKED CONTUNE 
01:55:10.709 [TestNG-tests-2] INFO  testCases.TC_001_AccountRegistrationTest - CLICKED ON ACCOUNT LINK
01:55:13.116 [TestNG-tests-2] INFO  testCases.TC_001_AccountRegistrationTest - CLICKED ON REGISTER
01:55:13.117 [TestNG-tests-2] INFO  testCases.TC_001_AccountRegistrationTest - PROVIDING CUSTOMER DETAILS 
01:55:13.521 [TestNG-tests-2] INFO  testCases.TC_001_AccountRegistrationTest - test failed
01:55:14.341 [TestNG-tests-1] INFO  testCases.TC_001_AccountRegistrationTest - VALIDATE EXPECTED MSG 
02:00:19.820 [main] DEBUG io.netty.util.internal.logging.InternalLoggerFactory - Using Log4J2 as the default logging framework
02:00:19.850 [main] DEBUG io.netty.util.ResourceLeakDetector - -Dio.netty.leakDetection.level: simple
02:00:19.850 [main] DEBUG io.netty.util.ResourceLeakDetector - -Dio.netty.leakDetection.targetRecords: 4
02:00:19.860 [main] DEBUG io.netty.util.ResourceLeakDetectorFactory - Loaded default ResourceLeakDetector: io.netty.util.ResourceLeakDetector@3e6f3bae
02:00:19.898 [main] DEBUG io.netty.util.internal.PlatformDependent0 - -Dio.netty.noUnsafe: false
02:00:19.898 [main] DEBUG io.netty.util.internal.PlatformDependent0 - Java version: 19
02:00:19.900 [main] DEBUG io.netty.util.internal.PlatformDependent0 - sun.misc.Unsafe.theUnsafe: available
02:00:19.901 [main] DEBUG io.netty.util.internal.PlatformDependent0 - sun.misc.Unsafe.copyMemory: available
02:00:19.902 [main] DEBUG io.netty.util.internal.PlatformDependent0 - sun.misc.Unsafe.storeFence: available
02:00:19.903 [main] DEBUG io.netty.util.internal.PlatformDependent0 - java.nio.Buffer.address: available
02:00:19.904 [main] DEBUG io.netty.util.internal.PlatformDependent0 - direct buffer constructor: unavailable: Reflective setAccessible(true) disabled
02:00:19.906 [main] DEBUG io.netty.util.internal.PlatformDependent0 - java.nio.Bits.unaligned: available, true
02:00:19.908 [main] DEBUG io.netty.util.internal.PlatformDependent0 - jdk.internal.misc.Unsafe.allocateUninitializedArray(int): unavailable: class io.netty.util.internal.PlatformDependent0$7 cannot access class jdk.internal.misc.Unsafe (in module java.base) because module java.base does not export jdk.internal.misc to unnamed module @14899482
02:00:19.910 [main] DEBUG io.netty.util.internal.PlatformDependent0 - java.nio.DirectByteBuffer.<init>(long, int): unavailable
02:00:19.910 [main] DEBUG io.netty.util.internal.PlatformDependent - sun.misc.Unsafe: available
02:00:19.911 [main] DEBUG io.netty.util.internal.PlatformDependent - maxDirectMemory: 1052770304 bytes (maybe)
02:00:19.912 [main] DEBUG io.netty.util.internal.PlatformDependent - -Dio.netty.tmpdir: C:\Users\BALAG~1\AppData\Local\Temp (java.io.tmpdir)
02:00:19.912 [main] DEBUG io.netty.util.internal.PlatformDependent - -Dio.netty.bitMode: 64 (sun.arch.data.model)
02:00:19.913 [main] DEBUG io.netty.util.internal.PlatformDependent - Platform: Windows
02:00:19.915 [main] DEBUG io.netty.util.internal.PlatformDependent - -Dio.netty.maxDirectMemory: -1 bytes
02:00:19.916 [main] DEBUG io.netty.util.internal.PlatformDependent - -Dio.netty.uninitializedArrayAllocationThreshold: -1
02:00:19.919 [main] DEBUG io.netty.util.internal.CleanerJava9 - java.nio.ByteBuffer.cleaner(): available
02:00:19.919 [main] DEBUG io.netty.util.internal.PlatformDependent - -Dio.netty.noPreferDirect: false
02:00:19.936 [main] DEBUG io.netty.util.internal.PlatformDependent - org.jctools-core.MpscChunkedArrayQueue: available
02:00:19.980 [main] DEBUG io.netty.util.internal.InternalThreadLocalMap - -Dio.netty.threadLocalMap.stringBuilder.initialSize: 1024
02:00:19.980 [main] DEBUG io.netty.util.internal.InternalThreadLocalMap - -Dio.netty.threadLocalMap.stringBuilder.maxSize: 4096
02:00:20.323 [main] DEBUG io.netty.handler.ssl.JdkSslContext - Default protocols (JDK): [TLSv1.3, TLSv1.2] 
02:00:20.324 [main] DEBUG io.netty.handler.ssl.JdkSslContext - Default cipher suites (JDK): [TLS_ECDHE_ECDSA_WITH_AES_256_GCM_SHA384, TLS_ECDHE_ECDSA_WITH_AES_128_GCM_SHA256, TLS_ECDHE_RSA_WITH_AES_128_GCM_SHA256, TLS_ECDHE_RSA_WITH_AES_256_GCM_SHA384, TLS_ECDHE_RSA_WITH_AES_128_CBC_SHA, TLS_ECDHE_RSA_WITH_AES_256_CBC_SHA, TLS_RSA_WITH_AES_128_GCM_SHA256, TLS_RSA_WITH_AES_128_CBC_SHA, TLS_RSA_WITH_AES_256_CBC_SHA, TLS_AES_128_GCM_SHA256, TLS_AES_256_GCM_SHA384]
02:00:20.350 [main] DEBUG io.netty.util.concurrent.GlobalEventExecutor - -Dio.netty.globalEventExecutor.quietPeriodSeconds: 1
02:00:20.377 [main] DEBUG io.netty.channel.MultithreadEventLoopGroup - -Dio.netty.eventLoopThreads: 8
02:00:20.394 [main] DEBUG io.netty.channel.nio.NioEventLoop - -Dio.netty.noKeySetOptimization: false
02:00:20.394 [main] DEBUG io.netty.channel.nio.NioEventLoop - -Dio.netty.selectorAutoRebuildThreshold: 512
02:00:20.480 [main] DEBUG io.netty.buffer.PooledByteBufAllocator - -Dio.netty.allocator.numHeapArenas: 8
02:00:20.480 [main] DEBUG io.netty.buffer.PooledByteBufAllocator - -Dio.netty.allocator.numDirectArenas: 8
02:00:20.481 [main] DEBUG io.netty.buffer.PooledByteBufAllocator - -Dio.netty.allocator.pageSize: 8192
02:00:20.481 [main] DEBUG io.netty.buffer.PooledByteBufAllocator - -Dio.netty.allocator.maxOrder: 9
02:00:20.481 [main] DEBUG io.netty.buffer.PooledByteBufAllocator - -Dio.netty.allocator.chunkSize: 4194304
02:00:20.481 [main] DEBUG io.netty.buffer.PooledByteBufAllocator - -Dio.netty.allocator.smallCacheSize: 256
02:00:20.481 [main] DEBUG io.netty.buffer.PooledByteBufAllocator - -Dio.netty.allocator.normalCacheSize: 64
02:00:20.481 [main] DEBUG io.netty.buffer.PooledByteBufAllocator - -Dio.netty.allocator.maxCachedBufferCapacity: 32768
02:00:20.481 [main] DEBUG io.netty.buffer.PooledByteBufAllocator - -Dio.netty.allocator.cacheTrimInterval: 8192
02:00:20.482 [main] DEBUG io.netty.buffer.PooledByteBufAllocator - -Dio.netty.allocator.cacheTrimIntervalMillis: 0
02:00:20.482 [main] DEBUG io.netty.buffer.PooledByteBufAllocator - -Dio.netty.allocator.useCacheForAllThreads: false
02:00:20.482 [main] DEBUG io.netty.buffer.PooledByteBufAllocator - -Dio.netty.allocator.maxCachedByteBuffersPerChunk: 1023
02:00:20.501 [main] DEBUG io.netty.buffer.ByteBufUtil - -Dio.netty.allocator.type: pooled
02:00:20.502 [main] DEBUG io.netty.buffer.ByteBufUtil - -Dio.netty.threadLocalDirectBufferSize: 0
02:00:20.502 [main] DEBUG io.netty.buffer.ByteBufUtil - -Dio.netty.maxThreadLocalCharBufferSize: 16384
02:00:22.971 [Forwarding newSession on session null to remote] DEBUG io.netty.channel.DefaultChannelId - -Dio.netty.processId: 10960 (auto-detected)
02:00:22.975 [Forwarding newSession on session null to remote] DEBUG io.netty.util.NetUtil - -Djava.net.preferIPv4Stack: false
